{"name": "test_failing_test", "status": "failed", "statusDetails": {"message": "AssertionError: Some error!", "trace": "request = <FixtureRequest for <Function test_failing_test>>\n\n    @pytest.mark.usefixtures(*function_args)\n    def scenario_wrapper(request):\n>       _execute_scenario(feature, scenario, request, encoding)\n\n..\\..\\..\\.virtualenvs\\pytest-bdd-template-nsjfxtuc\\lib\\site-packages\\pytest_bdd\\scenario.py:177: \n_ _ _ _ _ _ _ _ _ _ _ _ _ _ _ _ _ _ _ _ _ _ _ _ _ _ _ _ _ _ _ _ _ _ _ _ _ _ _ _ _ _ _ _ _ _ _ _ _ _ _ _ _ _ _ _ _ _ _ _ _ _ _ _ _ _ _ _ _ _ _ _ _ _ _ _ _ _ _ _ _ _ _ _ _ _ _ _ _ _ _ _ _ _ _ _ _ _ _ _ _ _ _ _ _ _ _ _ _ _ _ _ _ _ _ _\n..\\..\\..\\.virtualenvs\\pytest-bdd-template-nsjfxtuc\\lib\\site-packages\\pytest_bdd\\scenario.py:143: in _execute_scenario\n    _execute_step_function(request, scenario, step, step_func)\n..\\..\\..\\.virtualenvs\\pytest-bdd-template-nsjfxtuc\\lib\\site-packages\\pytest_bdd\\scenario.py:113: in _execute_step_function\n    return_value = step_func(**kwargs)\n_ _ _ _ _ _ _ _ _ _ _ _ _ _ _ _ _ _ _ _ _ _ _ _ _ _ _ _ _ _ _ _ _ _ _ _ _ _ _ _ _ _ _ _ _ _ _ _ _ _ _ _ _ _ _ _ _ _ _ _ _ _ _ _ _ _ _ _ _ _ _ _ _ _ _ _ _ _ _ _ _ _ _ _ _ _ _ _ _ _ _ _ _ _ _ _ _ _ _ _ _ _ _ _ _ _ _ _ _ _ _ _ _ _ _ _\n\n    @then(\"This fails\")\n    def no_error_message():\n>       raise AssertionError(\"Some error!\")\nE       AssertionError: Some error!\n\ntests\\sub_feature\\then.py:11: AssertionError"}, "description": "../../features/sub_feature.feature: Failing test", "start": 1622756575610, "stop": 1622756575611, "uuid": "4ee79b32-844c-4a8a-ba8d-9b935207a825", "historyId": "44df6d177f90932700dd3b46600bade8", "testCaseId": "4a11b99c1699498335a91c4dd3773522", "fullName": "tests.sub_feature.test_#test_failing_test", "labels": [{"name": "tag", "value": "@pytest.mark.usefixtures"}, {"name": "parentSuite", "value": "tests.sub_feature"}, {"name": "suite", "value": "test_"}, {"name": "host", "value": "DESKTOP-R2G0Q37"}, {"name": "thread", "value": "13364-MainThread"}, {"name": "framework", "value": "pytest"}, {"name": "language", "value": "cpython3"}, {"name": "package", "value": "tests.sub_feature.test_"}]}